This is pdfTeX, Version 3.141592653-2.6-1.40.27 (TeX Live 2025) (preloaded format=pdflatex 2025.4.13)  24 JUN 2025 23:31
entering extended mode
 restricted \write18 enabled.
 %&-line parsing enabled.
**/Users/igarashi_kosuke/Documents/Github/econometrics2_2026/ps1.tex
(/Users/igarashi_kosuke/Documents/Github/econometrics2_2026/ps1.tex
LaTeX2e <2024-11-01> patch level 2
L3 programming layer <2025-01-18>
(/usr/local/texlive/2025/texmf-dist/tex/latex/base/article.cls
Document Class: article 2024/06/29 v1.4n Standard LaTeX document class
(/usr/local/texlive/2025/texmf-dist/tex/latex/base/size10.clo
File: size10.clo 2024/06/29 v1.4n Standard LaTeX file (size option)
)
\c@part=\count196
\c@section=\count197
\c@subsection=\count198
\c@subsubsection=\count199
\c@paragraph=\count266
\c@subparagraph=\count267
\c@figure=\count268
\c@table=\count269
\abovecaptionskip=\skip49
\belowcaptionskip=\skip50
\bibindent=\dimen141
) (/usr/local/texlive/2025/texmf-dist/tex/latex/graphics/graphicx.sty
Package: graphicx 2021/09/16 v1.2d Enhanced LaTeX Graphics (DPC,SPQR)
 (/usr/local/texlive/2025/texmf-dist/tex/latex/graphics/keyval.sty
Package: keyval 2022/05/29 v1.15 key=value parser (DPC)
\KV@toks@=\toks17
) (/usr/local/texlive/2025/texmf-dist/tex/latex/graphics/graphics.sty
Package: graphics 2024/08/06 v1.4g Standard LaTeX Graphics (DPC,SPQR)
 (/usr/local/texlive/2025/texmf-dist/tex/latex/graphics/trig.sty
Package: trig 2023/12/02 v1.11 sin cos tan (DPC)
) (/usr/local/texlive/2025/texmf-dist/tex/latex/graphics-cfg/graphics.cfg
File: graphics.cfg 2016/06/04 v1.11 sample graphics configuration
)
Package graphics Info: Driver file: pdftex.def on input line 106.
 (/usr/local/texlive/2025/texmf-dist/tex/latex/graphics-def/pdftex.def
File: pdftex.def 2024/04/13 v1.2c Graphics/color driver for pdftex
))
\Gin@req@height=\dimen142
\Gin@req@width=\dimen143
) (/usr/local/texlive/2025/texmf-dist/tex/latex/amsmath/amsmath.sty
Package: amsmath 2024/11/05 v2.17t AMS math features
\@mathmargin=\skip51

For additional information on amsmath, use the `?' option.
(/usr/local/texlive/2025/texmf-dist/tex/latex/amsmath/amstext.sty
Package: amstext 2021/08/26 v2.01 AMS text
 (/usr/local/texlive/2025/texmf-dist/tex/latex/amsmath/amsgen.sty
File: amsgen.sty 1999/11/30 v2.0 generic functions
\@emptytoks=\toks18
\ex@=\dimen144
)) (/usr/local/texlive/2025/texmf-dist/tex/latex/amsmath/amsbsy.sty
Package: amsbsy 1999/11/29 v1.2d Bold Symbols
\pmbraise@=\dimen145
) (/usr/local/texlive/2025/texmf-dist/tex/latex/amsmath/amsopn.sty
Package: amsopn 2022/04/08 v2.04 operator names
)
\inf@bad=\count270
LaTeX Info: Redefining \frac on input line 233.
\uproot@=\count271
\leftroot@=\count272
LaTeX Info: Redefining \overline on input line 398.
LaTeX Info: Redefining \colon on input line 409.
\classnum@=\count273
\DOTSCASE@=\count274
LaTeX Info: Redefining \ldots on input line 495.
LaTeX Info: Redefining \dots on input line 498.
LaTeX Info: Redefining \cdots on input line 619.
\Mathstrutbox@=\box52
\strutbox@=\box53
LaTeX Info: Redefining \big on input line 721.
LaTeX Info: Redefining \Big on input line 722.
LaTeX Info: Redefining \bigg on input line 723.
LaTeX Info: Redefining \Bigg on input line 724.
\big@size=\dimen146
LaTeX Font Info:    Redeclaring font encoding OML on input line 742.
LaTeX Font Info:    Redeclaring font encoding OMS on input line 743.
\macc@depth=\count275
LaTeX Info: Redefining \bmod on input line 904.
LaTeX Info: Redefining \pmod on input line 909.
LaTeX Info: Redefining \smash on input line 939.
LaTeX Info: Redefining \relbar on input line 969.
LaTeX Info: Redefining \Relbar on input line 970.
\c@MaxMatrixCols=\count276
\dotsspace@=\muskip17
\c@parentequation=\count277
\dspbrk@lvl=\count278
\tag@help=\toks19
\row@=\count279
\column@=\count280
\maxfields@=\count281
\andhelp@=\toks20
\eqnshift@=\dimen147
\alignsep@=\dimen148
\tagshift@=\dimen149
\tagwidth@=\dimen150
\totwidth@=\dimen151
\lineht@=\dimen152
\@envbody=\toks21
\multlinegap=\skip52
\multlinetaggap=\skip53
\mathdisplay@stack=\toks22
LaTeX Info: Redefining \[ on input line 2953.
LaTeX Info: Redefining \] on input line 2954.
) (/usr/local/texlive/2025/texmf-dist/tex/latex/amsfonts/amssymb.sty
Package: amssymb 2013/01/14 v3.01 AMS font symbols
 (/usr/local/texlive/2025/texmf-dist/tex/latex/amsfonts/amsfonts.sty
Package: amsfonts 2013/01/14 v3.01 Basic AMSFonts support
\symAMSa=\mathgroup4
\symAMSb=\mathgroup5
LaTeX Font Info:    Redeclaring math symbol \hbar on input line 98.
LaTeX Font Info:    Overwriting math alphabet `\mathfrak' in version `bold'
(Font)                  U/euf/m/n --> U/euf/b/n on input line 106.
)) (/usr/local/texlive/2025/texmf-dist/tex/latex/pdfpages/pdfpages.sty
Package: pdfpages 2025/01/30 v0.6e Insert pages of external PDF documents (AM)
 (/usr/local/texlive/2025/texmf-dist/tex/latex/base/ifthen.sty
Package: ifthen 2024/03/16 v1.1e Standard LaTeX ifthen package (DPC)
) (/usr/local/texlive/2025/texmf-dist/tex/latex/tools/calc.sty
Package: calc 2023/07/08 v4.3 Infix arithmetic (KKT,FJ)
\calc@Acount=\count282
\calc@Bcount=\count283
\calc@Adimen=\dimen153
\calc@Bdimen=\dimen154
\calc@Askip=\skip54
\calc@Bskip=\skip55
LaTeX Info: Redefining \setlength on input line 80.
LaTeX Info: Redefining \addtolength on input line 81.
\calc@Ccount=\count284
\calc@Cskip=\skip56
) (/usr/local/texlive/2025/texmf-dist/tex/latex/eso-pic/eso-pic.sty
Package: eso-pic 2023/05/03 v3.0c eso-pic (RN)
\ESO@tempdima=\dimen155
\ESO@tempdimb=\dimen156
 (/usr/local/texlive/2025/texmf-dist/tex/latex/xcolor/xcolor.sty
Package: xcolor 2024/09/29 v3.02 LaTeX color extensions (UK)
 (/usr/local/texlive/2025/texmf-dist/tex/latex/graphics-cfg/color.cfg
File: color.cfg 2016/01/02 v1.6 sample color configuration
)
Package xcolor Info: Driver file: pdftex.def on input line 274.
 (/usr/local/texlive/2025/texmf-dist/tex/latex/graphics/mathcolor.ltx)
Package xcolor Info: Model `cmy' substituted by `cmy0' on input line 1349.
Package xcolor Info: Model `hsb' substituted by `rgb' on input line 1353.
Package xcolor Info: Model `RGB' extended on input line 1365.
Package xcolor Info: Model `HTML' substituted by `rgb' on input line 1367.
Package xcolor Info: Model `Hsb' substituted by `hsb' on input line 1368.
Package xcolor Info: Model `tHsb' substituted by `hsb' on input line 1369.
Package xcolor Info: Model `HSB' substituted by `hsb' on input line 1370.
Package xcolor Info: Model `Gray' substituted by `gray' on input line 1371.
Package xcolor Info: Model `wave' substituted by `hsb' on input line 1372.
)) (/usr/local/texlive/2025/texmf-dist/tex/latex/etoolbox/etoolbox.sty
Package: etoolbox 2025/02/11 v2.5l e-TeX tools for LaTeX (JAW)
\etb@tempcnta=\count285
)
\AM@pagewidth=\dimen157
\AM@pageheight=\dimen158
\AM@fboxrule=\dimen159
 (/usr/local/texlive/2025/texmf-dist/tex/latex/pdfpages/pppdftex.def
File: pppdftex.def 2025/01/30 v0.6e Pdfpages driver for pdfTeX (AM)
)
\pdfpages@includegraphics@status=\count286
\AM@pagebox=\box54
\AM@global@opts=\toks23
\AM@pagecnt=\count287
\AM@toc@title=\toks24
\AM@lof@heading=\toks25
\c@AM@survey=\count288
\AM@templatesizebox=\box55
) (/usr/local/texlive/2025/texmf-dist/tex/latex/l3backend/l3backend-pdftex.def
File: l3backend-pdftex.def 2024-05-08 L3 backend support: PDF output (pdfTeX)
\l__color_backend_stack_int=\count289
\l__pdf_internal_box=\box56
) (./ps1.aux)
\openout1 = `ps1.aux'.

LaTeX Font Info:    Checking defaults for OML/cmm/m/it on input line 26.
LaTeX Font Info:    ... okay on input line 26.
LaTeX Font Info:    Checking defaults for OMS/cmsy/m/n on input line 26.
LaTeX Font Info:    ... okay on input line 26.
LaTeX Font Info:    Checking defaults for OT1/cmr/m/n on input line 26.
LaTeX Font Info:    ... okay on input line 26.
LaTeX Font Info:    Checking defaults for T1/cmr/m/n on input line 26.
LaTeX Font Info:    ... okay on input line 26.
LaTeX Font Info:    Checking defaults for TS1/cmr/m/n on input line 26.
LaTeX Font Info:    ... okay on input line 26.
LaTeX Font Info:    Checking defaults for OMX/cmex/m/n on input line 26.
LaTeX Font Info:    ... okay on input line 26.
LaTeX Font Info:    Checking defaults for U/cmr/m/n on input line 26.
LaTeX Font Info:    ... okay on input line 26.
 (/usr/local/texlive/2025/texmf-dist/tex/context/base/mkii/supp-pdf.mkii
[Loading MPS to PDF converter (version 2006.09.02).]
\scratchcounter=\count290
\scratchdimen=\dimen160
\scratchbox=\box57
\nofMPsegments=\count291
\nofMParguments=\count292
\everyMPshowfont=\toks26
\MPscratchCnt=\count293
\MPscratchDim=\dimen161
\MPnumerator=\count294
\makeMPintoPDFobject=\count295
\everyMPtoPDFconversion=\toks27
) (/usr/local/texlive/2025/texmf-dist/tex/latex/epstopdf-pkg/epstopdf-base.sty
Package: epstopdf-base 2020-01-24 v2.11 Base part for package epstopdf
Package epstopdf-base Info: Redefining graphics rule for `.eps' on input line 485.
 (/usr/local/texlive/2025/texmf-dist/tex/latex/latexconfig/epstopdf-sys.cfg
File: epstopdf-sys.cfg 2010/07/13 v1.3 Configuration of (r)epstopdf for TeX Live
)) (/usr/local/texlive/2025/texmf-dist/tex/latex/pdflscape/pdflscape.sty
Package: pdflscape 2022-10-27 v0.13 Display of landscape pages in PDF
 (/usr/local/texlive/2025/texmf-dist/tex/latex/pdflscape/pdflscape-nometadata.sty
Package: pdflscape-nometadata 2022-10-28 v0.13 Display of landscape pages in PDF (HO)
 (/usr/local/texlive/2025/texmf-dist/tex/generic/iftex/iftex.sty
Package: iftex 2024/12/12 v1.0g TeX engine tests
) (/usr/local/texlive/2025/texmf-dist/tex/latex/graphics/lscape.sty
Package: lscape 2020/05/28 v3.02 Landscape Pages (DPC)
)
Package pdflscape Info: Auto-detected driver: pdftex on input line 81.
))
LaTeX Font Info:    Trying to load font information for U+msa on input line 28.
 (/usr/local/texlive/2025/texmf-dist/tex/latex/amsfonts/umsa.fd
File: umsa.fd 2013/01/14 v3.01 AMS symbols A
)
LaTeX Font Info:    Trying to load font information for U+msb on input line 28.
 (/usr/local/texlive/2025/texmf-dist/tex/latex/amsfonts/umsb.fd
File: umsb.fd 2013/01/14 v3.01 AMS symbols B
)
Underfull \hbox (badness 10000) in paragraph at lines 43--46

 []



[1

{/usr/local/texlive/2025/texmf-var/fonts/map/pdftex/updmap/pdftex.map}]

[2]

[3]
<14.18.pdf, id=28, 614.295pt x 794.97pt>
File: 14.18.pdf Graphic file (type pdf)
<use 14.18.pdf>
Package pdftex.def Info: 14.18.pdf  used on input line 226.
(pdftex.def)             Requested size: 614.29349pt x 794.96806pt.
<14.18.pdf, id=30, page=1, 614.295pt x 794.97pt>
File: 14.18.pdf Graphic file (type pdf)
<use 14.18.pdf, page 1>
Package pdftex.def Info: 14.18.pdf , page1 used on input line 226.
(pdftex.def)             Requested size: 614.29349pt x 794.96806pt.
File: 14.18.pdf Graphic file (type pdf)
<use 14.18.pdf, page 1>
Package pdftex.def Info: 14.18.pdf , page1 used on input line 226.
(pdftex.def)             Requested size: 614.58406pt x 795.3441pt.


[4]
File: 14.18.pdf Graphic file (type pdf)
<use 14.18.pdf, page 1>
Package pdftex.def Info: 14.18.pdf , page1 used on input line 226.
(pdftex.def)             Requested size: 614.58406pt x 795.3441pt.
File: 14.18.pdf Graphic file (type pdf)
<use 14.18.pdf, page 1>
Package pdftex.def Info: 14.18.pdf , page1 used on input line 226.
(pdftex.def)             Requested size: 614.58406pt x 795.3441pt.


File: 14.18.pdf Graphic file (type pdf)
<use 14.18.pdf, page 1>
Package pdftex.def Info: 14.18.pdf , page1 used on input line 226.
(pdftex.def)             Requested size: 614.58406pt x 795.3441pt.
[5

 <./14.18.pdf>]
<14.18.pdf, id=76, page=2, 614.295pt x 794.97pt>
File: 14.18.pdf Graphic file (type pdf)
<use 14.18.pdf, page 2>
Package pdftex.def Info: 14.18.pdf , page2 used on input line 226.
(pdftex.def)             Requested size: 614.58406pt x 795.3441pt.
File: 14.18.pdf Graphic file (type pdf)
<use 14.18.pdf, page 2>
Package pdftex.def Info: 14.18.pdf , page2 used on input line 226.
(pdftex.def)             Requested size: 614.58406pt x 795.3441pt.


File: 14.18.pdf Graphic file (type pdf)
<use 14.18.pdf, page 2>
Package pdftex.def Info: 14.18.pdf , page2 used on input line 226.
(pdftex.def)             Requested size: 614.58406pt x 795.3441pt.
[6

 <./14.18.pdf>]
<14.18.pdf, id=88, page=3, 614.295pt x 794.97pt>
File: 14.18.pdf Graphic file (type pdf)
<use 14.18.pdf, page 3>
Package pdftex.def Info: 14.18.pdf , page3 used on input line 226.
(pdftex.def)             Requested size: 614.58406pt x 795.3441pt.
File: 14.18.pdf Graphic file (type pdf)
<use 14.18.pdf, page 3>
Package pdftex.def Info: 14.18.pdf , page3 used on input line 226.
(pdftex.def)             Requested size: 614.58406pt x 795.3441pt.


File: 14.18.pdf Graphic file (type pdf)
<use 14.18.pdf, page 3>
Package pdftex.def Info: 14.18.pdf , page3 used on input line 226.
(pdftex.def)             Requested size: 614.58406pt x 795.3441pt.
[7

 <./14.18.pdf>]
<16.12.pdf, id=97, 614.295pt x 794.97pt>
File: 16.12.pdf Graphic file (type pdf)
<use 16.12.pdf>
Package pdftex.def Info: 16.12.pdf  used on input line 231.
(pdftex.def)             Requested size: 614.29349pt x 794.96806pt.
<16.12.pdf, id=99, page=1, 614.295pt x 794.97pt>
File: 16.12.pdf Graphic file (type pdf)
<use 16.12.pdf, page 1>
Package pdftex.def Info: 16.12.pdf , page1 used on input line 231.
(pdftex.def)             Requested size: 614.29349pt x 794.96806pt.
File: 16.12.pdf Graphic file (type pdf)
<use 16.12.pdf, page 1>
Package pdftex.def Info: 16.12.pdf , page1 used on input line 231.
(pdftex.def)             Requested size: 614.58406pt x 795.3441pt.
File: 16.12.pdf Graphic file (type pdf)
<use 16.12.pdf, page 1>
Package pdftex.def Info: 16.12.pdf , page1 used on input line 231.
(pdftex.def)             Requested size: 614.58406pt x 795.3441pt.
File: 16.12.pdf Graphic file (type pdf)
<use 16.12.pdf, page 1>
Package pdftex.def Info: 16.12.pdf , page1 used on input line 231.
(pdftex.def)             Requested size: 614.58406pt x 795.3441pt.


File: 16.12.pdf Graphic file (type pdf)
<use 16.12.pdf, page 1>
Package pdftex.def Info: 16.12.pdf , page1 used on input line 231.
(pdftex.def)             Requested size: 614.58406pt x 795.3441pt.
[8

 <./16.12.pdf>]
<16.12.pdf, id=132, page=2, 614.295pt x 794.97pt>
File: 16.12.pdf Graphic file (type pdf)
<use 16.12.pdf, page 2>
Package pdftex.def Info: 16.12.pdf , page2 used on input line 231.
(pdftex.def)             Requested size: 614.58406pt x 795.3441pt.
File: 16.12.pdf Graphic file (type pdf)
<use 16.12.pdf, page 2>
Package pdftex.def Info: 16.12.pdf , page2 used on input line 231.
(pdftex.def)             Requested size: 614.58406pt x 795.3441pt.


File: 16.12.pdf Graphic file (type pdf)
<use 16.12.pdf, page 2>
Package pdftex.def Info: 16.12.pdf , page2 used on input line 231.
(pdftex.def)             Requested size: 614.58406pt x 795.3441pt.
[9

 <./16.12.pdf>]
<16.12.pdf, id=140, page=3, 614.295pt x 794.97pt>
File: 16.12.pdf Graphic file (type pdf)
<use 16.12.pdf, page 3>
Package pdftex.def Info: 16.12.pdf , page3 used on input line 231.
(pdftex.def)             Requested size: 614.58406pt x 795.3441pt.
File: 16.12.pdf Graphic file (type pdf)
<use 16.12.pdf, page 3>
Package pdftex.def Info: 16.12.pdf , page3 used on input line 231.
(pdftex.def)             Requested size: 614.58406pt x 795.3441pt.


File: 16.12.pdf Graphic file (type pdf)
<use 16.12.pdf, page 3>
Package pdftex.def Info: 16.12.pdf , page3 used on input line 231.
(pdftex.def)             Requested size: 614.58406pt x 795.3441pt.
[10

 <./16.12.pdf>]
<16.12.pdf, id=152, page=4, 614.295pt x 794.97pt>
File: 16.12.pdf Graphic file (type pdf)
<use 16.12.pdf, page 4>
Package pdftex.def Info: 16.12.pdf , page4 used on input line 231.
(pdftex.def)             Requested size: 614.58406pt x 795.3441pt.
File: 16.12.pdf Graphic file (type pdf)
<use 16.12.pdf, page 4>
Package pdftex.def Info: 16.12.pdf , page4 used on input line 231.
(pdftex.def)             Requested size: 614.58406pt x 795.3441pt.


File: 16.12.pdf Graphic file (type pdf)
<use 16.12.pdf, page 4>
Package pdftex.def Info: 16.12.pdf , page4 used on input line 231.
(pdftex.def)             Requested size: 614.58406pt x 795.3441pt.
[11

 <./16.12.pdf>]
<16.12.pdf, id=164, page=5, 614.295pt x 794.97pt>
File: 16.12.pdf Graphic file (type pdf)
<use 16.12.pdf, page 5>
Package pdftex.def Info: 16.12.pdf , page5 used on input line 231.
(pdftex.def)             Requested size: 614.58406pt x 795.3441pt.
File: 16.12.pdf Graphic file (type pdf)
<use 16.12.pdf, page 5>
Package pdftex.def Info: 16.12.pdf , page5 used on input line 231.
(pdftex.def)             Requested size: 614.58406pt x 795.3441pt.


File: 16.12.pdf Graphic file (type pdf)
<use 16.12.pdf, page 5>
Package pdftex.def Info: 16.12.pdf , page5 used on input line 231.
(pdftex.def)             Requested size: 614.58406pt x 795.3441pt.
[12

 <./16.12.pdf>]
<16.12.pdf, id=168, page=6, 614.295pt x 794.97pt>
File: 16.12.pdf Graphic file (type pdf)
<use 16.12.pdf, page 6>
Package pdftex.def Info: 16.12.pdf , page6 used on input line 231.
(pdftex.def)             Requested size: 614.58406pt x 795.3441pt.
File: 16.12.pdf Graphic file (type pdf)
<use 16.12.pdf, page 6>
Package pdftex.def Info: 16.12.pdf , page6 used on input line 231.
(pdftex.def)             Requested size: 614.58406pt x 795.3441pt.


File: 16.12.pdf Graphic file (type pdf)
<use 16.12.pdf, page 6>
Package pdftex.def Info: 16.12.pdf , page6 used on input line 231.
(pdftex.def)             Requested size: 614.58406pt x 795.3441pt.
[13

 <./16.12.pdf>]
<16.12.pdf, id=181, page=7, 614.295pt x 794.97pt>
File: 16.12.pdf Graphic file (type pdf)
<use 16.12.pdf, page 7>
Package pdftex.def Info: 16.12.pdf , page7 used on input line 231.
(pdftex.def)             Requested size: 614.58406pt x 795.3441pt.
File: 16.12.pdf Graphic file (type pdf)
<use 16.12.pdf, page 7>
Package pdftex.def Info: 16.12.pdf , page7 used on input line 231.
(pdftex.def)             Requested size: 614.58406pt x 795.3441pt.


File: 16.12.pdf Graphic file (type pdf)
<use 16.12.pdf, page 7>
Package pdftex.def Info: 16.12.pdf , page7 used on input line 231.
(pdftex.def)             Requested size: 614.58406pt x 795.3441pt.
[14

 <./16.12.pdf>]
<16.12.pdf, id=194, page=8, 614.295pt x 794.97pt>
File: 16.12.pdf Graphic file (type pdf)
<use 16.12.pdf, page 8>
Package pdftex.def Info: 16.12.pdf , page8 used on input line 231.
(pdftex.def)             Requested size: 614.58406pt x 795.3441pt.
File: 16.12.pdf Graphic file (type pdf)
<use 16.12.pdf, page 8>
Package pdftex.def Info: 16.12.pdf , page8 used on input line 231.
(pdftex.def)             Requested size: 614.58406pt x 795.3441pt.


File: 16.12.pdf Graphic file (type pdf)
<use 16.12.pdf, page 8>
Package pdftex.def Info: 16.12.pdf , page8 used on input line 231.
(pdftex.def)             Requested size: 614.58406pt x 795.3441pt.
[15

 <./16.12.pdf>]
<16.12.pdf, id=198, page=9, 614.295pt x 794.97pt>
File: 16.12.pdf Graphic file (type pdf)
<use 16.12.pdf, page 9>
Package pdftex.def Info: 16.12.pdf , page9 used on input line 231.
(pdftex.def)             Requested size: 614.58406pt x 795.3441pt.
File: 16.12.pdf Graphic file (type pdf)
<use 16.12.pdf, page 9>
Package pdftex.def Info: 16.12.pdf , page9 used on input line 231.
(pdftex.def)             Requested size: 614.58406pt x 795.3441pt.


File: 16.12.pdf Graphic file (type pdf)
<use 16.12.pdf, page 9>
Package pdftex.def Info: 16.12.pdf , page9 used on input line 231.
(pdftex.def)             Requested size: 614.58406pt x 795.3441pt.
[16

 <./16.12.pdf>]
<16.12.pdf, id=210, page=10, 614.295pt x 794.97pt>
File: 16.12.pdf Graphic file (type pdf)
<use 16.12.pdf, page 10>
Package pdftex.def Info: 16.12.pdf , page10 used on input line 231.
(pdftex.def)             Requested size: 614.58406pt x 795.3441pt.
File: 16.12.pdf Graphic file (type pdf)
<use 16.12.pdf, page 10>
Package pdftex.def Info: 16.12.pdf , page10 used on input line 231.
(pdftex.def)             Requested size: 614.58406pt x 795.3441pt.


File: 16.12.pdf Graphic file (type pdf)
<use 16.12.pdf, page 10>
Package pdftex.def Info: 16.12.pdf , page10 used on input line 231.
(pdftex.def)             Requested size: 614.58406pt x 795.3441pt.
[17

 <./16.12.pdf>]
<16.12.pdf, id=222, page=11, 614.295pt x 794.97pt>
File: 16.12.pdf Graphic file (type pdf)
<use 16.12.pdf, page 11>
Package pdftex.def Info: 16.12.pdf , page11 used on input line 231.
(pdftex.def)             Requested size: 614.58406pt x 795.3441pt.
File: 16.12.pdf Graphic file (type pdf)
<use 16.12.pdf, page 11>
Package pdftex.def Info: 16.12.pdf , page11 used on input line 231.
(pdftex.def)             Requested size: 614.58406pt x 795.3441pt.


File: 16.12.pdf Graphic file (type pdf)
<use 16.12.pdf, page 11>
Package pdftex.def Info: 16.12.pdf , page11 used on input line 231.
(pdftex.def)             Requested size: 614.58406pt x 795.3441pt.
[18

 <./16.12.pdf>] (./ps1.aux)
 ***********
LaTeX2e <2024-11-01> patch level 2
L3 programming layer <2025-01-18>
 ***********
 ) 
Here is how much of TeX's memory you used:
 4388 strings out of 473190
 65726 string characters out of 5715800
 477249 words of memory out of 5000000
 27594 multiletter control sequences out of 15000+600000
 566700 words of font info for 67 fonts, out of 8000000 for 9000
 1141 hyphenation exceptions out of 8191
 68i,18n,77p,289b,440s stack positions out of 10000i,1000n,20000p,200000b,200000s
</usr/local/texlive/2025/texmf-dist/fonts/type1/public/amsfonts/cm/cmbx10.pfb></usr/local/texlive/2025/texmf-dist/fonts/type1/public/amsfonts/cm/cmbx12.pfb></usr/local/texlive/2025/texmf-dist/fonts/type1/public/amsfonts/cm/cmex10.pfb></usr/local/texlive/2025/texmf-dist/fonts/type1/public/amsfonts/cm/cmmi10.pfb></usr/local/texlive/2025/texmf-dist/fonts/type1/public/amsfonts/cm/cmmi5.pfb></usr/local/texlive/2025/texmf-dist/fonts/type1/public/amsfonts/cm/cmmi7.pfb></usr/local/texlive/2025/texmf-dist/fonts/type1/public/amsfonts/cm/cmr10.pfb></usr/local/texlive/2025/texmf-dist/fonts/type1/public/amsfonts/cm/cmr12.pfb></usr/local/texlive/2025/texmf-dist/fonts/type1/public/amsfonts/cm/cmr17.pfb></usr/local/texlive/2025/texmf-dist/fonts/type1/public/amsfonts/cm/cmr5.pfb></usr/local/texlive/2025/texmf-dist/fonts/type1/public/amsfonts/cm/cmr7.pfb></usr/local/texlive/2025/texmf-dist/fonts/type1/public/amsfonts/cm/cmsy10.pfb></usr/local/texlive/2025/texmf-dist/fonts/type1/public/amsfonts/cm/cmsy5.pfb></usr/local/texlive/2025/texmf-dist/fonts/type1/public/amsfonts/cm/cmsy7.pfb></usr/local/texlive/2025/texmf-dist/fonts/type1/public/lm/lmbx12.pfb></usr/local/texlive/2025/texmf-dist/fonts/type1/public/lm/lmr10.pfb></usr/local/texlive/2025/texmf-dist/fonts/type1/public/lm/lmr17.pfb></usr/local/texlive/2025/texmf-dist/fonts/type1/public/lm/lmtk10.pfb></usr/local/texlive/2025/texmf-dist/fonts/type1/public/lm/lmtt10.pfb></usr/local/texlive/2025/texmf-dist/fonts/type1/public/amsfonts/symbols/msam10.pfb></usr/local/texlive/2025/texmf-dist/fonts/type1/public/amsfonts/symbols/msbm10.pfb>
Output written on ps1.pdf (18 pages, 419026 bytes).
PDF statistics:
 298 PDF objects out of 1000 (max. 8388607)
 182 compressed objects within 2 object streams
 0 named destinations out of 1000 (max. 500000)
 91 words of extra memory for PDF output out of 10000 (max. 10000000)

